TN:
SF:src\modules\appointments\services\CreateAppointmentService.ts
FN:76,__decorate
FN:76,__metadata
FN:76,__param
FN:76,__awaiter
FN:76,adopt
FN:76,fulfilled
FN:76,rejected
FN:76,step
FN:76,__generator
FN:76,sent
FN:76,g.<computed>
FN:76,verb
FN:76,step
FN:76,__importDefault
FN:23,CreateAppointmentServices
FN:31,CreateAppointmentServices.execute
FNF:16
FNH:14
FNDA:1,__decorate
FNDA:1,__metadata
FNDA:2,__param
FNDA:7,__awaiter
FNDA:7,adopt
FNDA:7,fulfilled
FNDA:0,rejected
FNDA:9,step
FNDA:7,__generator
FNDA:7,sent
FNDA:0,g.<computed>
FNDA:21,verb
FNDA:14,step
FNDA:1,__importDefault
FNDA:5,CreateAppointmentServices
FNDA:7,CreateAppointmentServices.execute
DA:1,1
DA:2,1
DA:3,1
DA:4,1
DA:5,1
DA:6,1
DA:7,1
DA:8,1
DA:9,1
DA:10,1
DA:11,1
DA:12,1
DA:13,1
DA:14,1
DA:15,1
DA:16,1
DA:17,1
DA:18,1
DA:19,1
DA:20,1
DA:21,1
DA:22,1
DA:23,1
DA:24,5
DA:25,5
DA:26,5
DA:27,5
DA:28,5
DA:29,5
DA:30,1
DA:31,1
DA:32,7
DA:33,7
DA:34,7
DA:35,7
DA:36,7
DA:37,7
DA:38,7
DA:39,7
DA:40,7
DA:41,7
DA:42,6
DA:43,6
DA:44,7
DA:45,5
DA:46,7
DA:47,7
DA:48,2
DA:49,2
DA:50,3
DA:51,3
DA:52,3
DA:53,3
DA:54,7
DA:55,7
DA:56,1
DA:57,1
DA:58,2
DA:59,2
DA:60,2
DA:61,2
DA:62,2
DA:63,2
DA:64,7
DA:65,7
DA:66,7
DA:67,7
DA:68,7
DA:69,7
DA:70,7
DA:71,7
DA:72,7
DA:73,7
DA:74,1
DA:75,1
DA:76,1
LF:76
LH:76
BRDA:76,0,0,1
BRDA:76,1,0,1
BRDA:76,2,0,0
BRDA:76,3,0,0
BRDA:76,4,0,0
BRDA:76,5,0,0
BRDA:76,6,0,1
BRDA:76,7,0,2
BRDA:76,8,0,2
BRDA:76,9,0,7
BRDA:76,10,0,7
BRDA:76,11,0,0
BRDA:76,12,0,7
BRDA:76,13,0,7
BRDA:76,14,0,6
BRDA:76,15,0,1
BRDA:76,16,0,9
BRDA:76,17,0,2
BRDA:76,18,0,7
BRDA:76,19,0,7
BRDA:76,20,0,7
BRDA:76,21,0,0
BRDA:76,22,0,21
BRDA:76,23,0,14
BRDA:76,24,0,14
BRDA:76,25,0,0
BRDA:76,26,0,28
BRDA:76,27,0,0
BRDA:76,28,0,0
BRDA:76,29,0,0
BRDA:76,30,0,0
BRDA:76,31,0,14
BRDA:76,32,0,14
BRDA:76,33,0,7
BRDA:76,34,0,0
BRDA:76,35,0,0
BRDA:76,36,0,7
BRDA:76,37,0,0
BRDA:76,38,0,2
BRDA:76,39,0,0
BRDA:76,40,0,0
BRDA:76,41,0,0
BRDA:76,42,0,0
BRDA:76,43,0,14
BRDA:76,44,0,9
BRDA:76,45,0,5
BRDA:76,46,0,14
BRDA:76,47,0,7
BRDA:76,48,0,5
BRDA:76,49,0,2
BRDA:76,50,0,0
BRDA:76,51,0,1
BRDA:76,52,0,0
BRDA:22,53,0,1
BRDA:23,54,0,5
BRDA:31,55,0,7
BRDA:76,56,0,7
BRDA:76,57,0,14
BRDA:76,58,0,7
BRDA:41,59,0,1
BRDA:41,60,0,6
BRDA:44,61,0,1
BRDA:44,62,0,5
BRDA:46,63,0,4
BRDA:47,64,0,2
BRDA:49,65,0,3
BRDA:76,66,0,3
BRDA:55,67,0,1
BRDA:57,68,0,2
BRDA:76,69,0,2
BRDA:76,70,0,2
BRF:71
BRH:51
end_of_record
TN:
SF:src\modules\appointments\services\ListProviderAppointmentsService.ts
FN:40,__decorate
FN:40,__metadata
FN:40,__param
FN:40,__awaiter
FN:40,adopt
FN:40,fulfilled
FN:40,rejected
FN:40,step
FN:40,__generator
FN:40,sent
FN:40,g.<computed>
FN:40,verb
FN:40,step
FN:16,ListProviderAppointmentsService
FN:21,ListProviderAppointmentsService.execute
FNF:15
FNH:13
FNDA:1,__decorate
FNDA:1,__metadata
FNDA:1,__param
FNDA:1,__awaiter
FNDA:1,adopt
FNDA:1,fulfilled
FNDA:0,rejected
FNDA:2,step
FNDA:1,__generator
FNDA:1,sent
FNDA:0,g.<computed>
FNDA:3,verb
FNDA:2,step
FNDA:1,ListProviderAppointmentsService
FNDA:1,ListProviderAppointmentsService.execute
DA:1,1
DA:2,1
DA:3,1
DA:4,1
DA:5,1
DA:6,1
DA:7,1
DA:8,1
DA:9,1
DA:10,1
DA:11,1
DA:12,1
DA:13,1
DA:14,1
DA:15,1
DA:16,1
DA:17,1
DA:18,1
DA:19,1
DA:20,1
DA:21,1
DA:22,1
DA:23,1
DA:24,1
DA:25,1
DA:26,1
DA:27,1
DA:28,1
DA:29,1
DA:30,1
DA:31,1
DA:32,1
DA:33,1
DA:34,1
DA:35,1
DA:36,1
DA:37,1
DA:38,1
DA:39,1
DA:40,1
LF:40
LH:40
BRDA:40,0,0,1
BRDA:40,1,0,1
BRDA:40,2,0,0
BRDA:40,3,0,0
BRDA:40,4,0,0
BRDA:40,5,0,0
BRDA:40,6,0,1
BRDA:40,7,0,1
BRDA:40,8,0,1
BRDA:40,9,0,1
BRDA:40,10,0,1
BRDA:40,11,0,0
BRDA:40,12,0,1
BRDA:40,13,0,1
BRDA:40,14,0,0
BRDA:40,15,0,2
BRDA:40,16,0,1
BRDA:40,17,0,1
BRDA:40,18,0,1
BRDA:40,19,0,1
BRDA:40,20,0,0
BRDA:40,21,0,3
BRDA:40,22,0,2
BRDA:40,23,0,2
BRDA:40,24,0,0
BRDA:40,25,0,4
BRDA:40,26,0,0
BRDA:40,27,0,0
BRDA:40,28,0,0
BRDA:40,29,0,0
BRDA:40,30,0,2
BRDA:40,31,0,2
BRDA:40,32,0,1
BRDA:40,33,0,0
BRDA:40,34,0,0
BRDA:40,35,0,1
BRDA:40,36,0,0
BRDA:40,37,0,0
BRDA:40,38,0,0
BRDA:40,39,0,0
BRDA:40,40,0,0
BRDA:40,41,0,2
BRDA:40,42,0,0
BRDA:40,43,0,2
BRDA:40,44,0,1
BRDA:40,45,0,0
BRDA:40,46,0,1
BRDA:40,47,0,0
BRDA:15,48,0,1
BRDA:16,49,0,1
BRDA:21,50,0,1
BRDA:40,51,0,1
BRDA:40,52,0,2
BRDA:27,53,0,1
BRDA:40,54,0,1
BRF:55
BRH:33
end_of_record
TN:
SF:src\modules\appointments\services\ListProviderDayAvailabilityService.ts
FN:73,__decorate
FN:73,__metadata
FN:73,__param
FN:73,__awaiter
FN:73,adopt
FN:73,fulfilled
FN:73,rejected
FN:73,step
FN:73,__generator
FN:73,sent
FN:73,g.<computed>
FN:73,verb
FN:73,step
FN:21,ListProviderDayAvailabilityService
FN:26,ListProviderDayAvailabilityService.execute
FNF:15
FNH:13
FNDA:1,__decorate
FNDA:1,__metadata
FNDA:1,__param
FNDA:1,__awaiter
FNDA:1,adopt
FNDA:1,fulfilled
FNDA:0,rejected
FNDA:2,step
FNDA:1,__generator
FNDA:1,sent
FNDA:0,g.<computed>
FNDA:3,verb
FNDA:2,step
FNDA:1,ListProviderDayAvailabilityService
FNDA:1,ListProviderDayAvailabilityService.execute
DA:1,1
DA:2,1
DA:3,1
DA:4,1
DA:5,1
DA:6,1
DA:7,1
DA:8,1
DA:9,1
DA:10,1
DA:11,1
DA:12,1
DA:13,1
DA:14,1
DA:15,1
DA:16,1
DA:17,1
DA:18,1
DA:19,1
DA:20,1
DA:21,1
DA:22,1
DA:23,1
DA:24,1
DA:25,1
DA:26,1
DA:27,1
DA:28,1
DA:29,1
DA:30,1
DA:31,1
DA:32,1
DA:33,1
DA:34,1
DA:35,1
DA:36,1
DA:37,1
DA:38,1
DA:39,1
DA:40,1
DA:41,1
DA:42,1
DA:43,1
DA:44,1
DA:45,1
DA:46,1
DA:47,1
DA:48,1
DA:49,1
DA:50,1
DA:51,10
DA:52,10
DA:53,10
DA:54,10
DA:55,10
DA:56,10
DA:57,10
DA:58,10
DA:59,10
DA:60,10
DA:61,10
DA:62,10
DA:63,10
DA:64,10
DA:65,10
DA:66,10
DA:67,1
DA:68,1
DA:69,1
DA:70,1
DA:71,1
DA:72,1
DA:73,1
LF:73
LH:73
BRDA:73,0,0,1
BRDA:73,1,0,1
BRDA:73,2,0,0
BRDA:73,3,0,0
BRDA:73,4,0,0
BRDA:73,5,0,0
BRDA:73,6,0,1
BRDA:73,7,0,1
BRDA:73,8,0,1
BRDA:73,9,0,1
BRDA:73,10,0,1
BRDA:73,11,0,0
BRDA:73,12,0,1
BRDA:73,13,0,1
BRDA:73,14,0,0
BRDA:73,15,0,2
BRDA:73,16,0,1
BRDA:73,17,0,1
BRDA:73,18,0,1
BRDA:73,19,0,1
BRDA:73,20,0,0
BRDA:73,21,0,3
BRDA:73,22,0,2
BRDA:73,23,0,2
BRDA:73,24,0,0
BRDA:73,25,0,4
BRDA:73,26,0,0
BRDA:73,27,0,0
BRDA:73,28,0,0
BRDA:73,29,0,0
BRDA:73,30,0,2
BRDA:73,31,0,2
BRDA:73,32,0,1
BRDA:73,33,0,0
BRDA:73,34,0,0
BRDA:73,35,0,1
BRDA:73,36,0,0
BRDA:73,37,0,0
BRDA:73,38,0,0
BRDA:73,39,0,0
BRDA:73,40,0,0
BRDA:73,41,0,2
BRDA:73,42,0,0
BRDA:73,43,0,2
BRDA:73,44,0,1
BRDA:73,45,0,0
BRDA:73,46,0,1
BRDA:73,47,0,0
BRDA:20,48,0,1
BRDA:21,49,0,1
BRDA:26,50,0,1
BRDA:73,51,0,1
BRDA:73,52,0,2
BRDA:32,53,0,1
BRDA:73,54,0,1
BRDA:47,55,0,10
BRDA:50,56,0,10
BRDA:65,57,0,8
BRDA:52,58,0,19
BRF:59
BRH:37
end_of_record
TN:
SF:src\modules\appointments\services\ListProviderMonthAvailabilityService.ts
FN:62,__decorate
FN:62,__metadata
FN:62,__param
FN:62,__awaiter
FN:62,adopt
FN:62,fulfilled
FN:62,rejected
FN:62,step
FN:62,__generator
FN:62,sent
FN:62,g.<computed>
FN:62,verb
FN:62,step
FN:20,ListProviderMonthAvailabilityService
FN:25,ListProviderMonthAvailabilityService.execute
FNF:15
FNH:13
FNDA:1,__decorate
FNDA:1,__metadata
FNDA:1,__param
FNDA:1,__awaiter
FNDA:1,adopt
FNDA:1,fulfilled
FNDA:0,rejected
FNDA:2,step
FNDA:1,__generator
FNDA:1,sent
FNDA:0,g.<computed>
FNDA:3,verb
FNDA:2,step
FNDA:1,ListProviderMonthAvailabilityService
FNDA:1,ListProviderMonthAvailabilityService.execute
DA:1,1
DA:2,1
DA:3,1
DA:4,1
DA:5,1
DA:6,1
DA:7,1
DA:8,1
DA:9,1
DA:10,1
DA:11,1
DA:12,1
DA:13,1
DA:14,1
DA:15,1
DA:16,1
DA:17,1
DA:18,1
DA:19,1
DA:20,1
DA:21,1
DA:22,1
DA:23,1
DA:24,1
DA:25,1
DA:26,1
DA:27,1
DA:28,1
DA:29,1
DA:30,1
DA:31,1
DA:32,1
DA:33,1
DA:34,1
DA:35,1
DA:36,1
DA:37,1
DA:38,1
DA:39,1
DA:40,1
DA:41,1
DA:42,1
DA:43,1
DA:44,1
DA:45,1
DA:46,31
DA:47,341
DA:48,31
DA:49,31
DA:50,31
DA:51,31
DA:52,31
DA:53,31
DA:54,1
DA:55,1
DA:56,1
DA:57,1
DA:58,1
DA:59,1
DA:60,1
DA:61,1
DA:62,1
LF:62
LH:62
BRDA:62,0,0,1
BRDA:62,1,0,1
BRDA:62,2,0,0
BRDA:62,3,0,0
BRDA:62,4,0,0
BRDA:62,5,0,0
BRDA:62,6,0,1
BRDA:62,7,0,1
BRDA:62,8,0,1
BRDA:62,9,0,1
BRDA:62,10,0,1
BRDA:62,11,0,0
BRDA:62,12,0,1
BRDA:62,13,0,1
BRDA:62,14,0,0
BRDA:62,15,0,2
BRDA:62,16,0,1
BRDA:62,17,0,1
BRDA:62,18,0,1
BRDA:62,19,0,1
BRDA:62,20,0,0
BRDA:62,21,0,3
BRDA:62,22,0,2
BRDA:62,23,0,2
BRDA:62,24,0,0
BRDA:62,25,0,4
BRDA:62,26,0,0
BRDA:62,27,0,0
BRDA:62,28,0,0
BRDA:62,29,0,0
BRDA:62,30,0,2
BRDA:62,31,0,2
BRDA:62,32,0,1
BRDA:62,33,0,0
BRDA:62,34,0,0
BRDA:62,35,0,1
BRDA:62,36,0,0
BRDA:62,37,0,0
BRDA:62,38,0,0
BRDA:62,39,0,0
BRDA:62,40,0,0
BRDA:62,41,0,2
BRDA:62,42,0,0
BRDA:62,43,0,2
BRDA:62,44,0,1
BRDA:62,45,0,0
BRDA:62,46,0,1
BRDA:62,47,0,0
BRDA:19,48,0,1
BRDA:20,49,0,1
BRDA:25,50,0,1
BRDA:62,51,0,1
BRDA:62,52,0,2
BRDA:30,53,0,1
BRDA:62,54,0,1
BRDA:42,55,0,31
BRDA:45,56,0,31
BRDA:46,57,0,341
BRF:58
BRH:36
end_of_record
TN:
SF:src\modules\appointments\services\ListProvidersService.ts
FN:24,__decorate
FN:24,__metadata
FN:24,__param
FN:24,__awaiter
FN:24,adopt
FN:24,fulfilled
FN:24,rejected
FN:24,step
FN:24,__generator
FN:24,sent
FN:24,g.<computed>
FN:24,verb
FN:24,step
FN:10,ListProvidersService
FN:15,ListProvidersService.execute
FNF:15
FNH:13
FNDA:1,__decorate
FNDA:1,__metadata
FNDA:1,__param
FNDA:1,__awaiter
FNDA:1,adopt
FNDA:1,fulfilled
FNDA:0,rejected
FNDA:2,step
FNDA:1,__generator
FNDA:1,sent
FNDA:0,g.<computed>
FNDA:3,verb
FNDA:2,step
FNDA:1,ListProvidersService
FNDA:1,ListProvidersService.execute
DA:1,1
DA:2,1
DA:3,1
DA:4,1
DA:5,1
DA:6,1
DA:7,1
DA:8,1
DA:9,1
DA:10,1
DA:11,1
DA:12,1
DA:13,1
DA:14,1
DA:15,1
DA:16,1
DA:17,1
DA:18,1
DA:19,1
DA:20,1
DA:21,1
DA:22,1
DA:23,1
DA:24,1
LF:24
LH:24
BRDA:24,0,0,1
BRDA:24,1,0,1
BRDA:24,2,0,0
BRDA:24,3,0,0
BRDA:24,4,0,0
BRDA:24,5,0,0
BRDA:24,6,0,1
BRDA:24,7,0,1
BRDA:24,8,0,1
BRDA:24,9,0,1
BRDA:24,10,0,1
BRDA:24,11,0,0
BRDA:24,12,0,1
BRDA:24,13,0,1
BRDA:24,14,0,0
BRDA:24,15,0,2
BRDA:24,16,0,1
BRDA:24,17,0,1
BRDA:24,18,0,1
BRDA:24,19,0,1
BRDA:24,20,0,0
BRDA:24,21,0,3
BRDA:24,22,0,2
BRDA:24,23,0,2
BRDA:24,24,0,0
BRDA:24,25,0,4
BRDA:24,26,0,0
BRDA:24,27,0,0
BRDA:24,28,0,0
BRDA:24,29,0,0
BRDA:24,30,0,2
BRDA:24,31,0,2
BRDA:24,32,0,1
BRDA:24,33,0,0
BRDA:24,34,0,0
BRDA:24,35,0,1
BRDA:24,36,0,0
BRDA:24,37,0,0
BRDA:24,38,0,0
BRDA:24,39,0,0
BRDA:24,40,0,0
BRDA:24,41,0,2
BRDA:24,42,0,0
BRDA:24,43,0,2
BRDA:24,44,0,1
BRDA:24,45,0,0
BRDA:24,46,0,1
BRDA:24,47,0,0
BRDA:9,48,0,1
BRDA:10,49,0,1
BRDA:15,50,0,1
BRDA:24,51,0,1
BRDA:24,52,0,2
BRDA:16,53,0,1
BRDA:24,54,0,1
BRF:55
BRH:33
end_of_record
TN:
SF:src\modules\users\services\CreateSessionService.ts
FN:62,__decorate
FN:62,__metadata
FN:62,__param
FN:62,__awaiter
FN:62,adopt
FN:62,fulfilled
FN:62,rejected
FN:62,step
FN:62,__generator
FN:62,sent
FN:62,g.<computed>
FN:62,verb
FN:62,step
FN:62,__importDefault
FN:20,CreateSessionService
FN:28,CreateSessionService.execute
FNF:16
FNH:14
FNDA:1,__decorate
FNDA:1,__metadata
FNDA:2,__param
FNDA:3,__awaiter
FNDA:5,adopt
FNDA:5,fulfilled
FNDA:0,rejected
FNDA:6,step
FNDA:3,__generator
FNDA:5,sent
FNDA:0,g.<computed>
FNDA:9,verb
FNDA:8,step
FNDA:2,__importDefault
FNDA:3,CreateSessionService
FNDA:3,CreateSessionService.execute
DA:1,1
DA:2,1
DA:3,1
DA:4,1
DA:5,1
DA:6,1
DA:7,1
DA:8,1
DA:9,1
DA:10,1
DA:11,1
DA:12,1
DA:13,1
DA:14,1
DA:15,1
DA:16,1
DA:17,1
DA:18,1
DA:19,1
DA:20,1
DA:21,3
DA:22,3
DA:23,3
DA:24,3
DA:25,3
DA:26,3
DA:27,1
DA:28,1
DA:29,3
DA:30,3
DA:31,3
DA:32,3
DA:33,3
DA:34,3
DA:35,1
DA:36,1
DA:37,2
DA:38,2
DA:39,2
DA:40,2
DA:41,2
DA:42,2
DA:43,3
DA:44,3
DA:45,1
DA:46,1
DA:47,1
DA:48,1
DA:49,1
DA:50,1
DA:51,1
DA:52,1
DA:53,1
DA:54,1
DA:55,1
DA:56,1
DA:57,1
DA:58,1
DA:59,3
DA:60,1
DA:61,1
DA:62,1
LF:62
LH:62
BRDA:62,0,0,1
BRDA:62,1,0,1
BRDA:62,2,0,0
BRDA:62,3,0,0
BRDA:62,4,0,0
BRDA:62,5,0,0
BRDA:62,6,0,1
BRDA:62,7,0,2
BRDA:62,8,0,2
BRDA:62,9,0,3
BRDA:62,10,0,5
BRDA:62,11,0,0
BRDA:62,12,0,3
BRDA:62,13,0,5
BRDA:62,14,0,3
BRDA:62,15,0,2
BRDA:62,16,0,6
BRDA:62,17,0,1
BRDA:62,18,0,5
BRDA:62,19,0,3
BRDA:62,20,0,5
BRDA:62,21,0,0
BRDA:62,22,0,9
BRDA:62,23,0,8
BRDA:62,24,0,8
BRDA:62,25,0,0
BRDA:62,26,0,16
BRDA:62,27,0,0
BRDA:62,28,0,0
BRDA:62,29,0,0
BRDA:62,30,0,0
BRDA:62,31,0,8
BRDA:62,32,0,8
BRDA:62,33,0,5
BRDA:62,34,0,0
BRDA:62,35,0,0
BRDA:62,36,0,3
BRDA:62,37,0,0
BRDA:62,38,0,1
BRDA:62,39,0,0
BRDA:62,40,0,0
BRDA:62,41,0,0
BRDA:62,42,0,0
BRDA:62,43,0,8
BRDA:62,44,0,6
BRDA:62,45,0,2
BRDA:62,46,0,8
BRDA:62,47,0,3
BRDA:62,48,0,2
BRDA:62,49,0,1
BRDA:62,50,0,0
BRDA:62,51,0,2
BRDA:62,52,0,0
BRDA:19,53,0,1
BRDA:20,54,0,3
BRDA:28,55,0,3
BRDA:62,56,0,3
BRDA:62,57,0,8
BRDA:32,58,0,3
BRDA:62,59,0,3
BRDA:34,60,0,1
BRDA:36,61,0,2
BRDA:62,62,0,2
BRDA:44,63,0,1
BRF:64
BRH:44
end_of_record
TN:
SF:src\modules\users\services\CreateUserService.ts
FN:42,__decorate
FN:42,__metadata
FN:42,__param
FN:42,__awaiter
FN:42,adopt
FN:42,fulfilled
FN:42,rejected
FN:42,step
FN:42,__generator
FN:42,sent
FN:42,g.<computed>
FN:42,verb
FN:42,step
FN:42,__importDefault
FN:15,CreateUserService
FN:23,CreateUserService.execute
FNF:16
FNH:14
FNDA:2,__decorate
FNDA:2,__metadata
FNDA:4,__param
FNDA:5,__awaiter
FNDA:13,adopt
FNDA:13,fulfilled
FNDA:0,rejected
FNDA:17,step
FNDA:5,__generator
FNDA:13,sent
FNDA:0,g.<computed>
FNDA:15,verb
FNDA:18,step
FNDA:2,__importDefault
FNDA:5,CreateUserService
FNDA:5,CreateUserService.execute
DA:1,1
DA:2,1
DA:3,1
DA:4,1
DA:5,1
DA:6,1
DA:7,1
DA:8,1
DA:9,1
DA:10,1
DA:11,1
DA:12,1
DA:13,1
DA:14,2
DA:15,2
DA:16,5
DA:17,5
DA:18,5
DA:19,5
DA:20,5
DA:21,5
DA:22,2
DA:23,2
DA:24,5
DA:25,5
DA:26,5
DA:27,1
DA:28,1
DA:29,4
DA:30,4
DA:31,5
DA:32,5
DA:33,5
DA:34,5
DA:35,5
DA:36,5
DA:37,5
DA:38,5
DA:39,5
DA:40,2
DA:41,1
DA:42,1
LF:42
LH:42
BRDA:42,0,0,2
BRDA:42,1,0,2
BRDA:42,2,0,0
BRDA:42,3,0,0
BRDA:42,4,0,0
BRDA:42,5,0,0
BRDA:42,6,0,2
BRDA:42,7,0,4
BRDA:42,8,0,4
BRDA:42,9,0,5
BRDA:42,10,0,13
BRDA:42,11,0,0
BRDA:42,12,0,5
BRDA:42,13,0,13
BRDA:42,14,0,12
BRDA:42,15,0,1
BRDA:42,16,0,17
BRDA:42,17,0,4
BRDA:42,18,0,13
BRDA:42,19,0,5
BRDA:42,20,0,13
BRDA:42,21,0,0
BRDA:42,22,0,15
BRDA:42,23,0,18
BRDA:42,24,0,18
BRDA:42,25,0,0
BRDA:42,26,0,36
BRDA:42,27,0,0
BRDA:42,28,0,0
BRDA:42,29,0,0
BRDA:42,30,0,0
BRDA:42,31,0,18
BRDA:42,32,0,18
BRDA:42,33,0,13
BRDA:42,34,0,0
BRDA:42,35,0,0
BRDA:42,36,0,5
BRDA:42,37,0,0
BRDA:42,38,0,4
BRDA:42,39,0,0
BRDA:42,40,0,0
BRDA:42,41,0,0
BRDA:42,42,0,0
BRDA:42,43,0,28
BRDA:42,44,0,18
BRDA:42,45,0,17
BRDA:42,46,0,1
BRDA:42,47,0,18
BRDA:42,48,0,5
BRDA:42,49,0,1
BRDA:42,50,0,4
BRDA:42,51,0,0
BRDA:42,52,0,2
BRDA:42,53,0,0
BRDA:14,54,0,2
BRDA:15,55,0,5
BRDA:23,56,0,5
BRDA:42,57,0,5
BRDA:42,58,0,18
BRDA:24,59,0,5
BRDA:42,60,0,5
BRDA:26,61,0,1
BRDA:28,62,0,4
BRDA:42,63,0,4
BRDA:42,64,0,4
BRF:65
BRH:45
end_of_record
TN:
SF:src\modules\users\services\ResetPasswordService.ts
FN:52,__decorate
FN:52,__metadata
FN:52,__param
FN:52,__awaiter
FN:52,adopt
FN:52,fulfilled
FN:52,rejected
FN:52,step
FN:52,__generator
FN:52,sent
FN:52,g.<computed>
FN:52,verb
FN:52,step
FN:52,__importDefault
FN:16,ResetPasswordService
FN:27,ResetPasswordService.execute
FNF:16
FNH:14
FNDA:1,__decorate
FNDA:1,__metadata
FNDA:3,__param
FNDA:4,__awaiter
FNDA:9,adopt
FNDA:9,fulfilled
FNDA:0,rejected
FNDA:10,step
FNDA:4,__generator
FNDA:9,sent
FNDA:0,g.<computed>
FNDA:12,verb
FNDA:13,step
FNDA:1,__importDefault
FNDA:4,ResetPasswordService
FNDA:4,ResetPasswordService.execute
DA:1,1
DA:2,1
DA:3,1
DA:4,1
DA:5,1
DA:6,1
DA:7,1
DA:8,1
DA:9,1
DA:10,1
DA:11,1
DA:12,1
DA:13,1
DA:14,1
DA:15,1
DA:16,1
DA:17,4
DA:18,4
DA:19,4
DA:20,4
DA:21,4
DA:22,4
DA:23,4
DA:24,4
DA:25,4
DA:26,1
DA:27,1
DA:28,4
DA:29,4
DA:30,4
DA:31,1
DA:32,1
DA:33,3
DA:34,3
DA:35,4
DA:36,4
DA:37,1
DA:38,1
DA:39,2
DA:40,2
DA:41,2
DA:42,4
DA:43,1
DA:44,1
DA:45,1
DA:46,1
DA:47,4
DA:48,4
DA:49,4
DA:50,1
DA:51,1
DA:52,1
LF:52
LH:52
BRDA:52,0,0,1
BRDA:52,1,0,1
BRDA:52,2,0,0
BRDA:52,3,0,0
BRDA:52,4,0,0
BRDA:52,5,0,0
BRDA:52,6,0,1
BRDA:52,7,0,3
BRDA:52,8,0,3
BRDA:52,9,0,4
BRDA:52,10,0,9
BRDA:52,11,0,0
BRDA:52,12,0,4
BRDA:52,13,0,9
BRDA:52,14,0,6
BRDA:52,15,0,3
BRDA:52,16,0,10
BRDA:52,17,0,1
BRDA:52,18,0,9
BRDA:52,19,0,4
BRDA:52,20,0,9
BRDA:52,21,0,0
BRDA:52,22,0,12
BRDA:52,23,0,13
BRDA:52,24,0,13
BRDA:52,25,0,0
BRDA:52,26,0,26
BRDA:52,27,0,0
BRDA:52,28,0,0
BRDA:52,29,0,0
BRDA:52,30,0,0
BRDA:52,31,0,13
BRDA:52,32,0,13
BRDA:52,33,0,9
BRDA:52,34,0,0
BRDA:52,35,0,0
BRDA:52,36,0,4
BRDA:52,37,0,0
BRDA:52,38,0,1
BRDA:52,39,0,0
BRDA:52,40,0,0
BRDA:52,41,0,0
BRDA:52,42,0,0
BRDA:52,43,0,13
BRDA:52,44,0,10
BRDA:52,45,0,3
BRDA:52,46,0,13
BRDA:52,47,0,4
BRDA:52,48,0,3
BRDA:52,49,0,1
BRDA:52,50,0,0
BRDA:52,51,0,1
BRDA:52,52,0,0
BRDA:15,53,0,1
BRDA:16,54,0,4
BRDA:27,55,0,4
BRDA:52,56,0,4
BRDA:52,57,0,13
BRDA:28,58,0,4
BRDA:52,59,0,4
BRDA:30,60,0,1
BRDA:32,61,0,3
BRDA:52,62,0,3
BRDA:36,63,0,1
BRDA:38,64,0,2
BRDA:42,65,0,1
BRDA:52,66,0,1
BRDA:52,67,0,1
BRF:68
BRH:48
end_of_record
TN:
SF:src\modules\users\services\SendForgotPasswordEmailService.ts
FN:61,__decorate
FN:61,__metadata
FN:61,__param
FN:61,__awaiter
FN:61,adopt
FN:61,fulfilled
FN:61,rejected
FN:61,step
FN:61,__generator
FN:61,sent
FN:61,g.<computed>
FN:61,verb
FN:61,step
FN:61,__importDefault
FN:17,SendForgotPasswordEmailService
FN:28,SendForgotPasswordEmailService.execute
FNF:16
FNH:14
FNDA:1,__decorate
FNDA:1,__metadata
FNDA:3,__param
FNDA:3,__awaiter
FNDA:7,adopt
FNDA:7,fulfilled
FNDA:0,rejected
FNDA:9,step
FNDA:3,__generator
FNDA:7,sent
FNDA:0,g.<computed>
FNDA:9,verb
FNDA:10,step
FNDA:2,__importDefault
FNDA:3,SendForgotPasswordEmailService
FNDA:3,SendForgotPasswordEmailService.execute
DA:1,1
DA:2,1
DA:3,1
DA:4,1
DA:5,1
DA:6,1
DA:7,1
DA:8,1
DA:9,1
DA:10,1
DA:11,1
DA:12,1
DA:13,1
DA:14,1
DA:15,1
DA:16,1
DA:17,1
DA:18,3
DA:19,3
DA:20,3
DA:21,3
DA:22,3
DA:23,3
DA:24,3
DA:25,3
DA:26,3
DA:27,1
DA:28,1
DA:29,3
DA:30,3
DA:31,3
DA:32,1
DA:33,1
DA:34,2
DA:35,2
DA:36,3
DA:37,3
DA:38,3
DA:39,3
DA:40,3
DA:41,3
DA:42,3
DA:43,3
DA:44,3
DA:45,3
DA:46,3
DA:47,3
DA:48,3
DA:49,3
DA:50,3
DA:51,3
DA:52,3
DA:53,3
DA:54,3
DA:55,3
DA:56,3
DA:57,3
DA:58,3
DA:59,1
DA:60,1
DA:61,1
LF:61
LH:61
BRDA:61,0,0,1
BRDA:61,1,0,1
BRDA:61,2,0,0
BRDA:61,3,0,0
BRDA:61,4,0,0
BRDA:61,5,0,0
BRDA:61,6,0,1
BRDA:61,7,0,3
BRDA:61,8,0,3
BRDA:61,9,0,3
BRDA:61,10,0,7
BRDA:61,11,0,0
BRDA:61,12,0,3
BRDA:61,13,0,7
BRDA:61,14,0,6
BRDA:61,15,0,1
BRDA:61,16,0,9
BRDA:61,17,0,2
BRDA:61,18,0,7
BRDA:61,19,0,3
BRDA:61,20,0,7
BRDA:61,21,0,0
BRDA:61,22,0,9
BRDA:61,23,0,10
BRDA:61,24,0,10
BRDA:61,25,0,0
BRDA:61,26,0,20
BRDA:61,27,0,0
BRDA:61,28,0,0
BRDA:61,29,0,0
BRDA:61,30,0,0
BRDA:61,31,0,10
BRDA:61,32,0,10
BRDA:61,33,0,7
BRDA:61,34,0,0
BRDA:61,35,0,0
BRDA:61,36,0,3
BRDA:61,37,0,0
BRDA:61,38,0,2
BRDA:61,39,0,0
BRDA:61,40,0,0
BRDA:61,41,0,0
BRDA:61,42,0,0
BRDA:61,43,0,10
BRDA:61,44,0,9
BRDA:61,45,0,1
BRDA:61,46,0,10
BRDA:61,47,0,3
BRDA:61,48,0,1
BRDA:61,49,0,2
BRDA:61,50,0,0
BRDA:61,51,0,2
BRDA:61,52,0,1
BRDA:61,53,0,1
BRDA:16,54,0,1
BRDA:17,55,0,3
BRDA:28,56,0,3
BRDA:61,57,0,3
BRDA:61,58,0,10
BRDA:29,59,0,3
BRDA:61,60,0,3
BRDA:31,61,0,1
BRDA:33,62,0,2
BRDA:61,63,0,2
BRDA:61,64,0,2
BRF:65
BRH:46
end_of_record
TN:
SF:src\modules\users\services\ShowProfileService.ts
FN:25,__decorate
FN:25,__metadata
FN:25,__param
FN:25,__awaiter
FN:25,adopt
FN:25,fulfilled
FN:25,rejected
FN:25,step
FN:25,__generator
FN:25,sent
FN:25,g.<computed>
FN:25,verb
FN:25,step
FN:25,__importDefault
FN:11,ShowProfileService
FN:16,ShowProfileService.execute
FNF:16
FNH:14
FNDA:1,__decorate
FNDA:1,__metadata
FNDA:1,__param
FNDA:2,__awaiter
FNDA:2,adopt
FNDA:2,fulfilled
FNDA:0,rejected
FNDA:3,step
FNDA:2,__generator
FNDA:2,sent
FNDA:0,g.<computed>
FNDA:6,verb
FNDA:4,step
FNDA:1,__importDefault
FNDA:2,ShowProfileService
FNDA:2,ShowProfileService.execute
DA:1,1
DA:2,1
DA:3,1
DA:4,1
DA:5,1
DA:6,1
DA:7,1
DA:8,1
DA:9,1
DA:10,1
DA:11,1
DA:12,2
DA:13,2
DA:14,2
DA:15,1
DA:16,1
DA:17,2
DA:18,2
DA:19,2
DA:20,1
DA:21,1
DA:22,2
DA:23,1
DA:24,1
DA:25,1
LF:25
LH:25
BRDA:25,0,0,1
BRDA:25,1,0,1
BRDA:25,2,0,0
BRDA:25,3,0,0
BRDA:25,4,0,0
BRDA:25,5,0,0
BRDA:25,6,0,1
BRDA:25,7,0,1
BRDA:25,8,0,1
BRDA:25,9,0,2
BRDA:25,10,0,2
BRDA:25,11,0,0
BRDA:25,12,0,2
BRDA:25,13,0,2
BRDA:25,14,0,1
BRDA:25,15,0,3
BRDA:25,16,0,1
BRDA:25,17,0,2
BRDA:25,18,0,2
BRDA:25,19,0,2
BRDA:25,20,0,0
BRDA:25,21,0,6
BRDA:25,22,0,4
BRDA:25,23,0,4
BRDA:25,24,0,0
BRDA:25,25,0,8
BRDA:25,26,0,0
BRDA:25,27,0,0
BRDA:25,28,0,0
BRDA:25,29,0,0
BRDA:25,30,0,4
BRDA:25,31,0,4
BRDA:25,32,0,2
BRDA:25,33,0,0
BRDA:25,34,0,0
BRDA:25,35,0,2
BRDA:25,36,0,0
BRDA:25,37,0,1
BRDA:25,38,0,0
BRDA:25,39,0,0
BRDA:25,40,0,0
BRDA:25,41,0,0
BRDA:25,42,0,4
BRDA:25,43,0,3
BRDA:25,44,0,1
BRDA:25,45,0,4
BRDA:25,46,0,2
BRDA:25,47,0,1
BRDA:25,48,0,0
BRDA:25,49,0,1
BRDA:25,50,0,0
BRDA:10,51,0,1
BRDA:11,52,0,2
BRDA:16,53,0,2
BRDA:25,54,0,2
BRDA:25,55,0,4
BRDA:17,56,0,2
BRDA:25,57,0,2
BRDA:19,58,0,1
BRF:59
BRH:39
end_of_record
TN:
SF:src\modules\users\services\UpdateProfileService.ts
FN:60,__decorate
FN:60,__metadata
FN:60,__param
FN:60,__awaiter
FN:60,adopt
FN:60,fulfilled
FN:60,rejected
FN:60,step
FN:60,__generator
FN:60,sent
FN:60,g.<computed>
FN:60,verb
FN:60,step
FN:60,__importDefault
FN:16,UpdateProfileService
FN:24,UpdateProfileService.execute
FNF:16
FNH:14
FNDA:1,__decorate
FNDA:1,__metadata
FNDA:2,__param
FNDA:6,__awaiter
FNDA:14,adopt
FNDA:14,fulfilled
FNDA:0,rejected
FNDA:16,step
FNDA:6,__generator
FNDA:14,sent
FNDA:0,g.<computed>
FNDA:18,verb
FNDA:20,step
FNDA:1,__importDefault
FNDA:6,UpdateProfileService
FNDA:6,UpdateProfileService.execute
DA:1,1
DA:2,1
DA:3,1
DA:4,1
DA:5,1
DA:6,1
DA:7,1
DA:8,1
DA:9,1
DA:10,1
DA:11,1
DA:12,1
DA:13,1
DA:14,1
DA:15,1
DA:16,1
DA:17,6
DA:18,6
DA:19,6
DA:20,6
DA:21,6
DA:22,6
DA:23,1
DA:24,1
DA:25,6
DA:26,6
DA:27,6
DA:28,6
DA:29,6
DA:30,6
DA:31,6
DA:32,6
DA:33,6
DA:34,5
DA:35,5
DA:36,6
DA:37,6
DA:38,6
DA:39,4
DA:40,4
DA:41,4
DA:42,4
DA:43,6
DA:44,6
DA:45,3
DA:46,6
DA:47,2
DA:48,2
DA:49,2
DA:50,2
DA:51,6
DA:52,6
DA:53,1
DA:54,6
DA:55,6
DA:56,6
DA:57,6
DA:58,1
DA:59,1
DA:60,1
LF:60
LH:60
BRDA:60,0,0,1
BRDA:60,1,0,1
BRDA:60,2,0,0
BRDA:60,3,0,0
BRDA:60,4,0,0
BRDA:60,5,0,0
BRDA:60,6,0,1
BRDA:60,7,0,2
BRDA:60,8,0,2
BRDA:60,9,0,6
BRDA:60,10,0,14
BRDA:60,11,0,0
BRDA:60,12,0,6
BRDA:60,13,0,14
BRDA:60,14,0,10
BRDA:60,15,0,4
BRDA:60,16,0,16
BRDA:60,17,0,2
BRDA:60,18,0,14
BRDA:60,19,0,6
BRDA:60,20,0,14
BRDA:60,21,0,0
BRDA:60,22,0,18
BRDA:60,23,0,20
BRDA:60,24,0,20
BRDA:60,25,0,0
BRDA:60,26,0,41
BRDA:60,27,0,0
BRDA:60,28,0,0
BRDA:60,29,0,0
BRDA:60,30,0,0
BRDA:60,31,0,20
BRDA:60,32,0,20
BRDA:60,33,0,14
BRDA:60,34,0,0
BRDA:60,35,0,0
BRDA:60,36,0,7
BRDA:60,37,0,0
BRDA:60,38,0,3
BRDA:60,39,0,6
BRDA:60,40,0,1
BRDA:60,41,0,0
BRDA:60,42,0,1
BRDA:60,43,0,0
BRDA:60,44,0,0
BRDA:60,45,0,0
BRDA:60,46,0,21
BRDA:60,47,0,17
BRDA:60,48,0,4
BRDA:60,49,0,21
BRDA:60,50,0,6
BRDA:60,51,0,4
BRDA:60,52,0,2
BRDA:60,53,0,0
BRDA:60,54,0,1
BRDA:60,55,0,0
BRDA:15,56,0,1
BRDA:16,57,0,6
BRDA:24,58,0,6
BRDA:60,59,0,6
BRDA:60,60,0,21
BRDA:31,61,0,6
BRDA:60,62,0,6
BRDA:33,63,0,1
BRDA:33,64,0,5
BRDA:60,65,0,5
BRDA:37,66,0,1
BRDA:38,67,0,1
BRDA:38,68,0,4
BRDA:43,69,0,3
BRDA:44,70,0,1
BRDA:44,71,0,3
BRDA:46,72,0,2
BRDA:46,73,0,1
BRDA:46,74,0,2
BRDA:60,75,0,2
BRDA:52,76,0,1
BRDA:60,77,0,1
BRDA:56,78,0,2
BRF:79
BRH:59
end_of_record
TN:
SF:src\modules\users\services\UpdateUserAvatarService.ts
FN:45,__decorate
FN:45,__metadata
FN:45,__param
FN:45,__awaiter
FN:45,adopt
FN:45,fulfilled
FN:45,rejected
FN:45,step
FN:45,__generator
FN:45,sent
FN:45,g.<computed>
FN:45,verb
FN:45,step
FN:45,__importDefault
FN:16,UpdateUserAvatarService
FN:24,UpdateUserAvatarService.execute
FNF:16
FNH:14
FNDA:1,__decorate
FNDA:1,__metadata
FNDA:2,__param
FNDA:4,__awaiter
FNDA:11,adopt
FNDA:11,fulfilled
FNDA:0,rejected
FNDA:14,step
FNDA:4,__generator
FNDA:11,sent
FNDA:0,g.<computed>
FNDA:12,verb
FNDA:15,step
FNDA:1,__importDefault
FNDA:3,UpdateUserAvatarService
FNDA:4,UpdateUserAvatarService.execute
DA:1,1
DA:2,1
DA:3,1
DA:4,1
DA:5,1
DA:6,1
DA:7,1
DA:8,1
DA:9,1
DA:10,1
DA:11,1
DA:12,1
DA:13,1
DA:14,1
DA:15,1
DA:16,1
DA:17,3
DA:18,3
DA:19,3
DA:20,3
DA:21,3
DA:22,3
DA:23,1
DA:24,1
DA:25,4
DA:26,4
DA:27,4
DA:28,1
DA:29,1
DA:30,3
DA:31,3
DA:32,1
DA:33,4
DA:34,4
DA:35,4
DA:36,4
DA:37,4
DA:38,4
DA:39,4
DA:40,4
DA:41,4
DA:42,4
DA:43,1
DA:44,1
DA:45,1
LF:45
LH:45
BRDA:45,0,0,1
BRDA:45,1,0,1
BRDA:45,2,0,0
BRDA:45,3,0,0
BRDA:45,4,0,0
BRDA:45,5,0,0
BRDA:45,6,0,1
BRDA:45,7,0,2
BRDA:45,8,0,2
BRDA:45,9,0,4
BRDA:45,10,0,11
BRDA:45,11,0,0
BRDA:45,12,0,4
BRDA:45,13,0,11
BRDA:45,14,0,10
BRDA:45,15,0,1
BRDA:45,16,0,14
BRDA:45,17,0,3
BRDA:45,18,0,11
BRDA:45,19,0,4
BRDA:45,20,0,11
BRDA:45,21,0,0
BRDA:45,22,0,12
BRDA:45,23,0,15
BRDA:45,24,0,15
BRDA:45,25,0,0
BRDA:45,26,0,32
BRDA:45,27,0,0
BRDA:45,28,0,0
BRDA:45,29,0,0
BRDA:45,30,0,0
BRDA:45,31,0,15
BRDA:45,32,0,15
BRDA:45,33,0,11
BRDA:45,34,0,0
BRDA:45,35,0,0
BRDA:45,36,0,6
BRDA:45,37,0,0
BRDA:45,38,0,5
BRDA:45,39,0,4
BRDA:45,40,0,2
BRDA:45,41,0,0
BRDA:45,42,0,2
BRDA:45,43,0,0
BRDA:45,44,0,0
BRDA:45,45,0,0
BRDA:45,46,0,17
BRDA:45,47,0,16
BRDA:45,48,0,1
BRDA:45,49,0,17
BRDA:45,50,0,4
BRDA:45,51,0,1
BRDA:45,52,0,3
BRDA:45,53,0,0
BRDA:45,54,0,1
BRDA:45,55,0,0
BRDA:15,56,0,1
BRDA:16,57,0,3
BRDA:24,58,0,4
BRDA:45,59,0,4
BRDA:45,60,0,17
BRDA:25,61,0,4
BRDA:45,62,0,4
BRDA:27,63,0,1
BRDA:29,64,0,3
BRDA:31,65,0,2
BRDA:31,66,0,1
BRDA:45,67,0,1
BRDA:35,68,0,3
BRDA:45,69,0,3
BRDA:45,70,0,3
BRF:71
BRH:51
end_of_record
